This file contains any messages produced by compilers while
running configure, to aid debugging if configure makes a mistake.

It was created by libsmf configure 1.3, which was
generated by GNU Autoconf 2.62.  Invocation command line was

  $ ./configure 

## --------- ##
## Platform. ##
## --------- ##

hostname = Known
uname -m = x86_64
uname -r = 4.4.0-18362-Microsoft
uname -s = Linux
uname -v = #476-Microsoft Fri Nov 01 16:53:00 PST 2019

/usr/bin/uname -p = unknown
/bin/uname -X     = unknown

/bin/arch              = unknown
/usr/bin/arch -k       = unknown
/usr/convex/getsysinfo = unknown
/usr/bin/hostinfo      = unknown
/bin/machine           = unknown
/usr/bin/oslevel       = unknown
/bin/universe          = unknown

PATH: /usr/local/sbin
PATH: /usr/local/bin
PATH: /usr/sbin
PATH: /usr/bin
PATH: /sbin
PATH: /bin
PATH: /usr/games
PATH: /usr/local/games
PATH: /mnt/c/Program Files (x86)/Common Files/Oracle/Java/javapath
PATH: /mnt/c/Program Files/iis express/PHP/v7.0
PATH: /mnt/c/Program Files (x86)/Intel/iCLS Client/
PATH: /mnt/c/Program Files/Intel/iCLS Client/
PATH: /mnt/c/WINDOWS/system32
PATH: /mnt/c/WINDOWS
PATH: /mnt/c/WINDOWS/System32/Wbem
PATH: /mnt/c/WINDOWS/System32/WindowsPowerShell/v1.0/
PATH: /mnt/c/Program Files (x86)/Intel/Intel(R) Management Engine Components/DAL
PATH: /mnt/c/Program Files/Intel/Intel(R) Management Engine Components/DAL
PATH: /mnt/c/Program Files (x86)/Intel/Intel(R) Management Engine Components/IPT
PATH: /mnt/c/Program Files/Intel/Intel(R) Management Engine Components/IPT
PATH: /mnt/c/Program Files/Microsoft/Web Platform Installer/
PATH: /mnt/c/Program Files (x86)/GtkSharp/2.12/bin
PATH: /mnt/c/Program Files/MySQL/MySQL Server 5.5/bin
PATH: /mnt/c/WINDOWS/system32
PATH: /mnt/c/WINDOWS
PATH: /mnt/c/WINDOWS/System32/Wbem
PATH: /mnt/c/WINDOWS/System32/WindowsPowerShell/v1.0/
PATH: /mnt/c/Program Files/dotnet/
PATH: /mnt/c/Program Files/Common Files/Autodesk Shared/
PATH: /mnt/c/WINDOWS/System32/OpenSSH/
PATH: /mnt/c/Program Files/Microsoft VS Code/bin
PATH: /mnt/c/Program Files/PostgreSQL/11/bin
PATH: /mnt/c/Program Files/PostgreSQL/11/lib
PATH: /mnt/c/Program Files/Calibre2/
PATH: /mnt/c/Program Files/Java/jdk-11.0.1/bin
PATH: /mnt/c/ProgramData/chocolatey/bin
PATH: /mnt/c/Program Files (x86)/Microsoft Visual Studio/2019/Community/MSBuild/Current/Bin
PATH: /mnt/c/Program Files/nodejs/
PATH: /mnt/c/ProgramData/Anaconda3/
PATH: /mnt/c/ProgramData/Anaconda3/Scripts
PATH: /mnt/c/ProgramData/Anaconda3/Library/bin
PATH: /mnt/c/Program Files/Git/bin
PATH: /mnt/c/Users/ruosh/.cargo/bin
PATH: /mnt/c/Users/ruosh/AppData/Local/Microsoft/WindowsApps
PATH: /mnt/c/Program Files/Microsoft VS Code/bin
PATH: /mnt/c/Program Files/Docker Toolbox
PATH: /mnt/c/Users/ruosh/AppData/Roaming/npm


## ----------- ##
## Core tests. ##
## ----------- ##

configure:2076: checking for a BSD-compatible install
configure:2144: result: /usr/bin/install -c
configure:2155: checking whether build environment is sane
configure:2198: result: yes
configure:2223: checking for a thread-safe mkdir -p
configure:2262: result: /bin/mkdir -p
configure:2275: checking for gawk
configure:2291: found /usr/bin/gawk
configure:2302: result: gawk
configure:2313: checking whether make sets $(MAKE)
configure:2335: result: yes
configure:2576: checking for gcc
configure:2592: found /usr/bin/gcc
configure:2603: result: gcc
configure:2841: checking for C compiler version
configure:2849: gcc --version >&5
gcc (Ubuntu 5.4.0-6ubuntu1~16.04.12) 5.4.0 20160609
Copyright (C) 2015 Free Software Foundation, Inc.
This is free software; see the source for copying conditions.  There is NO
warranty; not even for MERCHANTABILITY or FITNESS FOR A PARTICULAR PURPOSE.

configure:2853: $? = 0
configure:2860: gcc -v >&5
Using built-in specs.
COLLECT_GCC=gcc
COLLECT_LTO_WRAPPER=/usr/lib/gcc/x86_64-linux-gnu/5/lto-wrapper
Target: x86_64-linux-gnu
Configured with: ../src/configure -v --with-pkgversion='Ubuntu 5.4.0-6ubuntu1~16.04.12' --with-bugurl=file:///usr/share/doc/gcc-5/README.Bugs --enable-languages=c,ada,c++,java,go,d,fortran,objc,obj-c++ --prefix=/usr --program-suffix=-5 --enable-shared --enable-linker-build-id --libexecdir=/usr/lib --without-included-gettext --enable-threads=posix --libdir=/usr/lib --enable-nls --with-sysroot=/ --enable-clocale=gnu --enable-libstdcxx-debug --enable-libstdcxx-time=yes --with-default-libstdcxx-abi=new --enable-gnu-unique-object --disable-vtable-verify --enable-libmpx --enable-plugin --with-system-zlib --disable-browser-plugin --enable-java-awt=gtk --enable-gtk-cairo --with-java-home=/usr/lib/jvm/java-1.5.0-gcj-5-amd64/jre --enable-java-home --with-jvm-root-dir=/usr/lib/jvm/java-1.5.0-gcj-5-amd64 --with-jvm-jar-dir=/usr/lib/jvm-exports/java-1.5.0-gcj-5-amd64 --with-arch-directory=amd64 --with-ecj-jar=/usr/share/java/eclipse-ecj.jar --enable-objc-gc --enable-multiarch --disable-werror --with-arch-32=i686 --with-abi=m64 --with-multilib-list=m32,m64,mx32 --enable-multilib --with-tune=generic --enable-checking=release --build=x86_64-linux-gnu --host=x86_64-linux-gnu --target=x86_64-linux-gnu
Thread model: posix
gcc version 5.4.0 20160609 (Ubuntu 5.4.0-6ubuntu1~16.04.12) 
configure:2864: $? = 0
configure:2871: gcc -V >&5
gcc: error: unrecognized command line option '-V'
gcc: fatal error: no input files
compilation terminated.
configure:2875: $? = 1
configure:2898: checking for C compiler default output file name
configure:2920: gcc    conftest.c  >&5
configure:2924: $? = 0
configure:2962: result: a.out
configure:2979: checking whether the C compiler works
configure:2989: ./a.out
configure:2993: $? = 0
configure:3010: result: yes
configure:3017: checking whether we are cross compiling
configure:3019: result: no
configure:3022: checking for suffix of executables
configure:3029: gcc -o conftest    conftest.c  >&5
configure:3033: $? = 0
configure:3057: result: 
configure:3063: checking for suffix of object files
configure:3089: gcc -c   conftest.c >&5
configure:3093: $? = 0
configure:3116: result: o
configure:3120: checking whether we are using the GNU C compiler
configure:3149: gcc -c   conftest.c >&5
configure:3156: $? = 0
configure:3173: result: yes
configure:3182: checking whether gcc accepts -g
configure:3212: gcc -c -g  conftest.c >&5
configure:3219: $? = 0
configure:3320: result: yes
configure:3337: checking for gcc option to accept ISO C89
configure:3411: gcc  -c -g -O2  conftest.c >&5
configure:3418: $? = 0
configure:3441: result: none needed
configure:3470: checking for style of include used by make
configure:3498: result: GNU
configure:3523: checking dependency style of gcc
configure:3614: result: gcc3
configure:3643: checking for a BSD-compatible install
configure:3711: result: /usr/bin/install -c
configure:3753: checking build system type
configure:3771: result: x86_64-unknown-linux-gnu
configure:3793: checking host system type
configure:3808: result: x86_64-unknown-linux-gnu
configure:3830: checking for a sed that does not truncate output
configure:3896: result: /bin/sed
configure:3914: checking for grep that handles long lines and -e
configure:3974: result: /bin/grep
configure:3979: checking for egrep
configure:4043: result: /bin/grep -E
configure:4048: checking for fgrep
configure:4112: result: /bin/grep -F
configure:4147: checking for ld used by gcc
configure:4214: result: /usr/bin/ld
configure:4223: checking if the linker (/usr/bin/ld) is GNU ld
configure:4238: result: yes
configure:4250: checking for BSD- or MS-compatible name lister (nm)
configure:4299: result: /usr/bin/nm -B
configure:4421: checking the name lister (/usr/bin/nm -B) interface
configure:4428: gcc -c -g -O2  conftest.c >&5
configure:4431: /usr/bin/nm -B "conftest.o"
configure:4434: output
0000000000000000 B some_variable
configure:4441: result: BSD nm
configure:4444: checking whether ln -s works
configure:4448: result: yes
configure:4456: checking the maximum length of command line arguments
configure:4576: result: 1572864
configure:4593: checking whether the shell understands some XSI constructs
configure:4603: result: yes
configure:4607: checking whether the shell understands "+="
configure:4613: result: yes
configure:4648: checking for /usr/bin/ld option to reload object files
configure:4655: result: -r
configure:4724: checking for objdump
configure:4740: found /usr/bin/objdump
configure:4751: result: objdump
configure:4787: checking how to recognize dependent libraries
configure:4983: result: pass_all
configure:5043: checking for ar
configure:5059: found /usr/bin/ar
configure:5070: result: ar
configure:5152: checking for strip
configure:5168: found /usr/bin/strip
configure:5179: result: strip
configure:5255: checking for ranlib
configure:5271: found /usr/bin/ranlib
configure:5282: result: ranlib
configure:5376: checking command to parse /usr/bin/nm -B output from gcc object
configure:5494: gcc -c -g -O2  conftest.c >&5
configure:5497: $? = 0
configure:5501: /usr/bin/nm -B conftest.o \| sed -n -e 's/^.*[	 ]\([ABCDGIRSTW][ABCDGIRSTW]*\)[	 ][	 ]*\([_A-Za-z][_A-Za-z0-9]*\)$/\1 \2 \2/p' \> conftest.nm
configure:5504: $? = 0
configure:5558: gcc -o conftest -g -O2   conftest.c conftstm.o >&5
configure:5561: $? = 0
configure:5599: result: ok
configure:5695: gcc -c -g -O2  conftest.c >&5
configure:5698: $? = 0
configure:6486: checking how to run the C preprocessor
configure:6526: gcc -E  conftest.c
configure:6533: $? = 0
configure:6564: gcc -E  conftest.c
conftest.c:10:28: fatal error: ac_nonexistent.h: No such file or directory
compilation terminated.
configure:6571: $? = 1
configure: failed program was:
| /* confdefs.h.  */
| #define PACKAGE_NAME "libsmf"
| #define PACKAGE_TARNAME "libsmf"
| #define PACKAGE_VERSION "1.3"
| #define PACKAGE_STRING "libsmf 1.3"
| #define PACKAGE_BUGREPORT "trasz@FreeBSD.org"
| #define PACKAGE "libsmf"
| #define VERSION "1.3"
| /* end confdefs.h.  */
| #include <ac_nonexistent.h>
configure:6604: result: gcc -E
configure:6633: gcc -E  conftest.c
configure:6640: $? = 0
configure:6671: gcc -E  conftest.c
conftest.c:10:28: fatal error: ac_nonexistent.h: No such file or directory
compilation terminated.
configure:6678: $? = 1
configure: failed program was:
| /* confdefs.h.  */
| #define PACKAGE_NAME "libsmf"
| #define PACKAGE_TARNAME "libsmf"
| #define PACKAGE_VERSION "1.3"
| #define PACKAGE_STRING "libsmf 1.3"
| #define PACKAGE_BUGREPORT "trasz@FreeBSD.org"
| #define PACKAGE "libsmf"
| #define VERSION "1.3"
| /* end confdefs.h.  */
| #include <ac_nonexistent.h>
configure:6716: checking for ANSI C header files
configure:6746: gcc -c -g -O2  conftest.c >&5
configure:6753: $? = 0
configure:6852: gcc -o conftest -g -O2   conftest.c  >&5
configure:6856: $? = 0
configure:6862: ./conftest
configure:6866: $? = 0
configure:6884: result: yes
configure:6908: checking for sys/types.h
configure:6929: gcc -c -g -O2  conftest.c >&5
configure:6936: $? = 0
configure:6953: result: yes
configure:6908: checking for sys/stat.h
configure:6929: gcc -c -g -O2  conftest.c >&5
configure:6936: $? = 0
configure:6953: result: yes
configure:6908: checking for stdlib.h
configure:6929: gcc -c -g -O2  conftest.c >&5
configure:6936: $? = 0
configure:6953: result: yes
configure:6908: checking for string.h
configure:6929: gcc -c -g -O2  conftest.c >&5
configure:6936: $? = 0
configure:6953: result: yes
configure:6908: checking for memory.h
configure:6929: gcc -c -g -O2  conftest.c >&5
configure:6936: $? = 0
configure:6953: result: yes
configure:6908: checking for strings.h
configure:6929: gcc -c -g -O2  conftest.c >&5
configure:6936: $? = 0
configure:6953: result: yes
configure:6908: checking for inttypes.h
configure:6929: gcc -c -g -O2  conftest.c >&5
configure:6936: $? = 0
configure:6953: result: yes
configure:6908: checking for stdint.h
configure:6929: gcc -c -g -O2  conftest.c >&5
configure:6936: $? = 0
configure:6953: result: yes
configure:6908: checking for unistd.h
configure:6929: gcc -c -g -O2  conftest.c >&5
configure:6936: $? = 0
configure:6953: result: yes
configure:6970: checking for dlfcn.h
configure:6991: gcc -c -g -O2  conftest.c >&5
configure:6998: $? = 0
configure:7015: result: yes
configure:7200: checking for objdir
configure:7215: result: .libs
configure:7507: checking if gcc supports -fno-rtti -fno-exceptions
configure:7525: gcc -c -g -O2  -fno-rtti -fno-exceptions conftest.c >&5
cc1: warning: command line option '-fno-rtti' is valid for C++/ObjC++ but not for C
configure:7529: $? = 0
configure:7542: result: no
configure:7562: checking for gcc option to produce PIC
configure:7834: result: -fPIC -DPIC
configure:7846: checking if gcc PIC flag -fPIC -DPIC works
configure:7864: gcc -c -g -O2  -fPIC -DPIC -DPIC conftest.c >&5
configure:7868: $? = 0
configure:7881: result: yes
configure:7905: checking if gcc static flag -static works
configure:7933: result: yes
configure:7948: checking if gcc supports -c -o file.o
configure:7969: gcc -c -g -O2  -o out/conftest2.o conftest.c >&5
configure:7973: $? = 0
configure:7995: result: yes
configure:8003: checking if gcc supports -c -o file.o
configure:8050: result: yes
configure:8083: checking whether the gcc linker (/usr/bin/ld -m elf_x86_64) supports shared libraries
configure:9157: result: yes
configure:9194: checking whether -lc should be explicitly linked in
configure:9199: gcc -c -g -O2  conftest.c >&5
configure:9202: $? = 0
configure:9217: gcc -shared conftest.o  -v -Wl,-soname -Wl,conftest -o conftest 2\>\&1 \| /bin/grep  -lc  \>/dev/null 2\>\&1
configure:9220: $? = 0
configure:9232: result: no
configure:9396: checking dynamic linker characteristics
configure:9839: gcc -o conftest -g -O2   -Wl,-rpath -Wl,/foo conftest.c  >&5
configure:9846: $? = 0
configure:10079: result: GNU/Linux ld.so
configure:10181: checking how to hardcode library paths into programs
configure:10206: result: immediate
configure:11039: checking whether stripping libraries is possible
configure:11044: result: yes
configure:11079: checking if libtool supports shared libraries
configure:11081: result: yes
configure:11084: checking whether to build shared libraries
configure:11105: result: yes
configure:11108: checking whether to build static libraries
configure:11112: result: yes
configure:11147: checking whether ln -s works
configure:11151: result: yes
configure:11158: checking whether make sets $(MAKE)
configure:11180: result: yes
configure:11232: checking for ranlib
configure:11259: result: ranlib
configure:11288: checking for pow in -lm
configure:11323: gcc -o conftest -g -O2   conftest.c -lm   >&5
conftest.c:29:6: warning: conflicting types for built-in function 'pow'
 char pow ();
      ^
configure:11330: $? = 0
configure:11351: result: yes
configure:11372: checking for main in -lreadline
configure:11401: gcc -o conftest -g -O2   conftest.c -lreadline -lncurses -lm  >&5
/usr/bin/ld: cannot find -lreadline
/usr/bin/ld: cannot find -lncurses
collect2: error: ld returned 1 exit status
configure:11408: $? = 1
configure: failed program was:
| /* confdefs.h.  */
| #define PACKAGE_NAME "libsmf"
| #define PACKAGE_TARNAME "libsmf"
| #define PACKAGE_VERSION "1.3"
| #define PACKAGE_STRING "libsmf 1.3"
| #define PACKAGE_BUGREPORT "trasz@FreeBSD.org"
| #define PACKAGE "libsmf"
| #define VERSION "1.3"
| #define STDC_HEADERS 1
| #define HAVE_SYS_TYPES_H 1
| #define HAVE_SYS_STAT_H 1
| #define HAVE_STDLIB_H 1
| #define HAVE_STRING_H 1
| #define HAVE_MEMORY_H 1
| #define HAVE_STRINGS_H 1
| #define HAVE_INTTYPES_H 1
| #define HAVE_STDINT_H 1
| #define HAVE_UNISTD_H 1
| #define HAVE_DLFCN_H 1
| #define LT_OBJDIR ".libs/"
| #define HAVE_LIBM 1
| /* end confdefs.h.  */
| 
| 
| int
| main ()
| {
| return main ();
|   ;
|   return 0;
| }
configure:11429: result: no
configure:11455: checking for ANSI C header files
configure:11623: result: yes
configure:11652: checking arpa/inet.h usability
configure:11669: gcc -c -g -O2  conftest.c >&5
configure:11676: $? = 0
configure:11690: result: yes
configure:11694: checking arpa/inet.h presence
configure:11709: gcc -E  conftest.c
configure:11716: $? = 0
configure:11730: result: yes
configure:11763: checking for arpa/inet.h
configure:11772: result: yes
configure:11641: checking for stdint.h
configure:11648: result: yes
configure:11641: checking for stdlib.h
configure:11648: result: yes
configure:11641: checking for string.h
configure:11648: result: yes
configure:11788: checking for an ANSI C-conforming const
configure:11863: gcc -c -g -O2  conftest.c >&5
configure:11870: $? = 0
configure:11885: result: yes
configure:11896: checking for int8_t
configure:11927: gcc -c -g -O2  conftest.c >&5
configure:11934: $? = 0
configure:11963: gcc -c -g -O2  conftest.c >&5
conftest.c: In function 'main':
conftest.c:64:12: error: size of array 'test_array' is negative
 static int test_array [1 - 2 * !((int8_t) ((((int8_t) 1 << (8 - 2)) - 1) * 2 + 1)
            ^
configure:11970: $? = 1
configure: failed program was:
| /* confdefs.h.  */
| #define PACKAGE_NAME "libsmf"
| #define PACKAGE_TARNAME "libsmf"
| #define PACKAGE_VERSION "1.3"
| #define PACKAGE_STRING "libsmf 1.3"
| #define PACKAGE_BUGREPORT "trasz@FreeBSD.org"
| #define PACKAGE "libsmf"
| #define VERSION "1.3"
| #define STDC_HEADERS 1
| #define HAVE_SYS_TYPES_H 1
| #define HAVE_SYS_STAT_H 1
| #define HAVE_STDLIB_H 1
| #define HAVE_STRING_H 1
| #define HAVE_MEMORY_H 1
| #define HAVE_STRINGS_H 1
| #define HAVE_INTTYPES_H 1
| #define HAVE_STDINT_H 1
| #define HAVE_UNISTD_H 1
| #define HAVE_DLFCN_H 1
| #define LT_OBJDIR ".libs/"
| #define HAVE_LIBM 1
| #define STDC_HEADERS 1
| #define HAVE_ARPA_INET_H 1
| #define HAVE_STDINT_H 1
| #define HAVE_STDLIB_H 1
| #define HAVE_STRING_H 1
| /* end confdefs.h.  */
| #include <stdio.h>
| #ifdef HAVE_SYS_TYPES_H
| # include <sys/types.h>
| #endif
| #ifdef HAVE_SYS_STAT_H
| # include <sys/stat.h>
| #endif
| #ifdef STDC_HEADERS
| # include <stdlib.h>
| # include <stddef.h>
| #else
| # ifdef HAVE_STDLIB_H
| #  include <stdlib.h>
| # endif
| #endif
| #ifdef HAVE_STRING_H
| # if !defined STDC_HEADERS && defined HAVE_MEMORY_H
| #  include <memory.h>
| # endif
| # include <string.h>
| #endif
| #ifdef HAVE_STRINGS_H
| # include <strings.h>
| #endif
| #ifdef HAVE_INTTYPES_H
| # include <inttypes.h>
| #endif
| #ifdef HAVE_STDINT_H
| # include <stdint.h>
| #endif
| #ifdef HAVE_UNISTD_H
| # include <unistd.h>
| #endif
| int
| main ()
| {
| static int test_array [1 - 2 * !((int8_t) ((((int8_t) 1 << (8 - 2)) - 1) * 2 + 1)
| 		 < (int8_t) ((((int8_t) 1 << (8 - 2)) - 1) * 2 + 2))];
| test_array [0] = 0
| 
|   ;
|   return 0;
| }
configure:11999: result: yes
configure:12012: checking for uint16_t
configure:12043: gcc -c -g -O2  conftest.c >&5
configure:12050: $? = 0
configure:12071: result: yes
configure:12085: checking for uint32_t
configure:12116: gcc -c -g -O2  conftest.c >&5
configure:12123: $? = 0
configure:12144: result: yes
configure:12168: checking for stdlib.h
configure:12175: result: yes
configure:12313: checking for GNU libc compatible malloc
configure:12347: gcc -o conftest -g -O2   conftest.c -lm  >&5
configure:12351: $? = 0
configure:12357: ./conftest
configure:12361: $? = 0
configure:12378: result: yes
configure:12406: checking for working memcmp
configure:12459: gcc -o conftest -g -O2   conftest.c -lm  >&5
configure:12463: $? = 0
configure:12469: ./conftest
configure:12473: $? = 0
configure:12490: result: yes
configure:12504: checking for stdlib.h
configure:12511: result: yes
configure:12649: checking for GNU libc compatible realloc
configure:12683: gcc -o conftest -g -O2   conftest.c -lm  >&5
configure:12687: $? = 0
configure:12693: ./conftest
configure:12697: $? = 0
configure:12714: result: yes
configure:12742: checking for working strtod
configure:12793: gcc -o conftest -g -O2   conftest.c -lm  >&5
configure:12797: $? = 0
configure:12803: ./conftest
configure:12807: $? = 0
configure:12824: result: yes
configure:13005: checking for memset
configure:13061: gcc -o conftest -g -O2   conftest.c -lm  >&5
conftest.c:55:6: warning: conflicting types for built-in function 'memset'
 char memset ();
      ^
configure:13068: $? = 0
configure:13090: result: yes
configure:13005: checking for pow
configure:13061: gcc -o conftest -g -O2   conftest.c -lm  >&5
conftest.c:56:6: warning: conflicting types for built-in function 'pow'
 char pow ();
      ^
configure:13068: $? = 0
configure:13090: result: yes
configure:13005: checking for strdup
configure:13061: gcc -o conftest -g -O2   conftest.c -lm  >&5
conftest.c:57:6: warning: conflicting types for built-in function 'strdup'
 char strdup ();
      ^
configure:13068: $? = 0
configure:13090: result: yes
configure:13005: checking for strerror
configure:13061: gcc -o conftest -g -O2   conftest.c -lm  >&5
configure:13068: $? = 0
configure:13090: result: yes
configure:13005: checking for strtol
configure:13061: gcc -o conftest -g -O2   conftest.c -lm  >&5
configure:13068: $? = 0
configure:13090: result: yes
configure:13005: checking for strchr
configure:13061: gcc -o conftest -g -O2   conftest.c -lm  >&5
conftest.c:60:6: warning: conflicting types for built-in function 'strchr'
 char strchr ();
      ^
configure:13068: $? = 0
configure:13090: result: yes
configure:13151: checking for pkg-config
configure:13169: found /usr/bin/pkg-config
configure:13181: result: /usr/bin/pkg-config
configure:13210: checking pkg-config is at least version 0.9.0
configure:13213: result: yes
configure:13224: checking for GLIB
configure:13231: $PKG_CONFIG --exists --print-errors "glib-2.0 >= 2.2"
configure:13234: $? = 0
configure:13247: $PKG_CONFIG --exists --print-errors "glib-2.0 >= 2.2"
configure:13250: $? = 0
configure:13325: result: yes
configure:13450: creating ./config.status

## ---------------------- ##
## Running config.status. ##
## ---------------------- ##

This file was extended by libsmf config.status 1.3, which was
generated by GNU Autoconf 2.62.  Invocation command line was

  CONFIG_FILES    = 
  CONFIG_HEADERS  = 
  CONFIG_LINKS    = 
  CONFIG_COMMANDS = 
  $ ./config.status 

on Known

config.status:1004: creating Makefile
config.status:1004: creating smf.pc
config.status:1004: creating src/Makefile
config.status:1004: creating man/Makefile
config.status:1004: creating config.h
config.status:1278: executing depfiles commands
config.status:1278: executing libtool commands

## ---------------- ##
## Cache variables. ##
## ---------------- ##

ac_cv_build=x86_64-unknown-linux-gnu
ac_cv_c_compiler_gnu=yes
ac_cv_c_const=yes
ac_cv_c_int8_t=yes
ac_cv_c_uint16_t=yes
ac_cv_c_uint32_t=yes
ac_cv_env_CC_set=
ac_cv_env_CC_value=
ac_cv_env_CFLAGS_set=
ac_cv_env_CFLAGS_value=
ac_cv_env_CPPFLAGS_set=
ac_cv_env_CPPFLAGS_value=
ac_cv_env_CPP_set=
ac_cv_env_CPP_value=
ac_cv_env_GLIB_CFLAGS_set=
ac_cv_env_GLIB_CFLAGS_value=
ac_cv_env_GLIB_LIBS_set=
ac_cv_env_GLIB_LIBS_value=
ac_cv_env_LDFLAGS_set=
ac_cv_env_LDFLAGS_value=
ac_cv_env_LIBS_set=
ac_cv_env_LIBS_value=
ac_cv_env_PKG_CONFIG_set=
ac_cv_env_PKG_CONFIG_value=
ac_cv_env_build_alias_set=
ac_cv_env_build_alias_value=
ac_cv_env_host_alias_set=
ac_cv_env_host_alias_value=
ac_cv_env_target_alias_set=
ac_cv_env_target_alias_value=
ac_cv_func_malloc_0_nonnull=yes
ac_cv_func_memcmp_working=yes
ac_cv_func_memset=yes
ac_cv_func_pow=yes
ac_cv_func_realloc_0_nonnull=yes
ac_cv_func_strchr=yes
ac_cv_func_strdup=yes
ac_cv_func_strerror=yes
ac_cv_func_strtod=yes
ac_cv_func_strtol=yes
ac_cv_header_arpa_inet_h=yes
ac_cv_header_dlfcn_h=yes
ac_cv_header_inttypes_h=yes
ac_cv_header_memory_h=yes
ac_cv_header_stdc=yes
ac_cv_header_stdint_h=yes
ac_cv_header_stdlib_h=yes
ac_cv_header_string_h=yes
ac_cv_header_strings_h=yes
ac_cv_header_sys_stat_h=yes
ac_cv_header_sys_types_h=yes
ac_cv_header_unistd_h=yes
ac_cv_host=x86_64-unknown-linux-gnu
ac_cv_lib_m_pow=yes
ac_cv_lib_readline_main=no
ac_cv_objext=o
ac_cv_path_EGREP='/bin/grep -E'
ac_cv_path_FGREP='/bin/grep -F'
ac_cv_path_GREP=/bin/grep
ac_cv_path_SED=/bin/sed
ac_cv_path_ac_pt_PKG_CONFIG=/usr/bin/pkg-config
ac_cv_path_install='/usr/bin/install -c'
ac_cv_path_mkdir=/bin/mkdir
ac_cv_prog_AWK=gawk
ac_cv_prog_CPP='gcc -E'
ac_cv_prog_ac_ct_AR=ar
ac_cv_prog_ac_ct_CC=gcc
ac_cv_prog_ac_ct_OBJDUMP=objdump
ac_cv_prog_ac_ct_RANLIB=ranlib
ac_cv_prog_ac_ct_STRIP=strip
ac_cv_prog_cc_c89=
ac_cv_prog_cc_g=yes
ac_cv_prog_make_make_set=yes
am_cv_CC_dependencies_compiler_type=gcc3
lt_cv_deplibs_check_method=pass_all
lt_cv_file_magic_cmd='$MAGIC_CMD'
lt_cv_file_magic_test_file=
lt_cv_ld_reload_flag=-r
lt_cv_nm_interface='BSD nm'
lt_cv_objdir=.libs
lt_cv_path_LD=/usr/bin/ld
lt_cv_path_NM='/usr/bin/nm -B'
lt_cv_prog_compiler_c_o=yes
lt_cv_prog_compiler_pic_works=yes
lt_cv_prog_compiler_rtti_exceptions=no
lt_cv_prog_compiler_static_works=yes
lt_cv_prog_gnu_ld=yes
lt_cv_sys_global_symbol_pipe='sed -n -e '\''s/^.*[	 ]\([ABCDGIRSTW][ABCDGIRSTW]*\)[	 ][	 ]*\([_A-Za-z][_A-Za-z0-9]*\)$/\1 \2 \2/p'\'''
lt_cv_sys_global_symbol_to_c_name_address='sed -n -e '\''s/^: \([^ ]*\) $/  {\"\1\", (void *) 0},/p'\'' -e '\''s/^[ABCDGIRSTW]* \([^ ]*\) \([^ ]*\)$/  {"\2", (void *) \&\2},/p'\'''
lt_cv_sys_global_symbol_to_c_name_address_lib_prefix='sed -n -e '\''s/^: \([^ ]*\) $/  {\"\1\", (void *) 0},/p'\'' -e '\''s/^[ABCDGIRSTW]* \([^ ]*\) \(lib[^ ]*\)$/  {"\2", (void *) \&\2},/p'\'' -e '\''s/^[ABCDGIRSTW]* \([^ ]*\) \([^ ]*\)$/  {"lib\2", (void *) \&\2},/p'\'''
lt_cv_sys_global_symbol_to_cdecl='sed -n -e '\''s/^T .* \(.*\)$/extern int \1();/p'\'' -e '\''s/^[ABCDGIRSTW]* .* \(.*\)$/extern char \1;/p'\'''
lt_cv_sys_max_cmd_len=1572864
pkg_cv_GLIB_CFLAGS='-I/usr/include/glib-2.0 -I/usr/lib/x86_64-linux-gnu/glib-2.0/include'
pkg_cv_GLIB_LIBS=-lglib-2.0

## ----------------- ##
## Output variables. ##
## ----------------- ##

ACLOCAL='${SHELL} /home/ruoshui/code/systems/final/libsmf-1.3/missing --run aclocal-1.10'
AMDEPBACKSLASH='\'
AMDEP_FALSE='#'
AMDEP_TRUE=''
AMTAR='${SHELL} /home/ruoshui/code/systems/final/libsmf-1.3/missing --run tar'
AR='ar'
AUTOCONF='${SHELL} /home/ruoshui/code/systems/final/libsmf-1.3/missing --run autoconf'
AUTOHEADER='${SHELL} /home/ruoshui/code/systems/final/libsmf-1.3/missing --run autoheader'
AUTOMAKE='${SHELL} /home/ruoshui/code/systems/final/libsmf-1.3/missing --run automake-1.10'
AWK='gawk'
CC='gcc'
CCDEPMODE='depmode=gcc3'
CFLAGS='-g -O2'
CPP='gcc -E'
CPPFLAGS=''
CYGPATH_W='echo'
DEFS='-DHAVE_CONFIG_H'
DEPDIR='.deps'
DSYMUTIL=''
DUMPBIN=''
ECHO_C=''
ECHO_N='-n'
ECHO_T=''
EGREP='/bin/grep -E'
EXEEXT=''
FGREP='/bin/grep -F'
GLIB_CFLAGS='-I/usr/include/glib-2.0 -I/usr/lib/x86_64-linux-gnu/glib-2.0/include'
GLIB_LIBS='-lglib-2.0'
GREP='/bin/grep'
INSTALL_DATA='${INSTALL} -m 644'
INSTALL_PROGRAM='${INSTALL}'
INSTALL_SCRIPT='${INSTALL}'
INSTALL_STRIP_PROGRAM='$(install_sh) -c -s'
LD='/usr/bin/ld -m elf_x86_64'
LDFLAGS=''
LIBOBJS=''
LIBS='-lm '
LIBTOOL='$(SHELL) $(top_builddir)/libtool'
LIPO=''
LN_S='ln -s'
LTLIBOBJS=''
MAKEINFO='${SHELL} /home/ruoshui/code/systems/final/libsmf-1.3/missing --run makeinfo'
MKDIR_P='/bin/mkdir -p'
NM='/usr/bin/nm -B'
NMEDIT=''
OBJDUMP='objdump'
OBJEXT='o'
OTOOL64=''
OTOOL=''
PACKAGE='libsmf'
PACKAGE_BUGREPORT='trasz@FreeBSD.org'
PACKAGE_NAME='libsmf'
PACKAGE_STRING='libsmf 1.3'
PACKAGE_TARNAME='libsmf'
PACKAGE_VERSION='1.3'
PATH_SEPARATOR=':'
PKG_CONFIG='/usr/bin/pkg-config'
POW_LIB=''
RANLIB='ranlib'
READLINE_LIBS=''
SED='/bin/sed'
SET_MAKE=''
SHELL='/bin/bash'
STRIP='strip'
VERSION='1.3'
ac_ct_CC='gcc'
ac_ct_DUMPBIN=''
am__fastdepCC_FALSE='#'
am__fastdepCC_TRUE=''
am__include='include'
am__isrc=''
am__leading_dot='.'
am__quote=''
am__tar='${AMTAR} chof - "$$tardir"'
am__untar='${AMTAR} xf -'
bindir='${exec_prefix}/bin'
build='x86_64-unknown-linux-gnu'
build_alias=''
build_cpu='x86_64'
build_os='linux-gnu'
build_vendor='unknown'
datadir='${datarootdir}'
datarootdir='${prefix}/share'
docdir='${datarootdir}/doc/${PACKAGE_TARNAME}'
dvidir='${docdir}'
exec_prefix='${prefix}'
host='x86_64-unknown-linux-gnu'
host_alias=''
host_cpu='x86_64'
host_os='linux-gnu'
host_vendor='unknown'
htmldir='${docdir}'
includedir='${prefix}/include'
infodir='${datarootdir}/info'
install_sh='$(SHELL) /home/ruoshui/code/systems/final/libsmf-1.3/install-sh'
libdir='${exec_prefix}/lib'
libexecdir='${exec_prefix}/libexec'
localedir='${datarootdir}/locale'
localstatedir='${prefix}/var'
lt_ECHO='echo'
mandir='${datarootdir}/man'
mkdir_p='/bin/mkdir -p'
oldincludedir='/usr/include'
pdfdir='${docdir}'
prefix='/usr/local'
program_transform_name='s,x,x,'
psdir='${docdir}'
sbindir='${exec_prefix}/sbin'
sharedstatedir='${prefix}/com'
sysconfdir='${prefix}/etc'
target_alias=''

## ----------- ##
## confdefs.h. ##
## ----------- ##

#define PACKAGE_NAME "libsmf"
#define PACKAGE_TARNAME "libsmf"
#define PACKAGE_VERSION "1.3"
#define PACKAGE_STRING "libsmf 1.3"
#define PACKAGE_BUGREPORT "trasz@FreeBSD.org"
#define PACKAGE "libsmf"
#define VERSION "1.3"
#define STDC_HEADERS 1
#define HAVE_SYS_TYPES_H 1
#define HAVE_SYS_STAT_H 1
#define HAVE_STDLIB_H 1
#define HAVE_STRING_H 1
#define HAVE_MEMORY_H 1
#define HAVE_STRINGS_H 1
#define HAVE_INTTYPES_H 1
#define HAVE_STDINT_H 1
#define HAVE_UNISTD_H 1
#define HAVE_DLFCN_H 1
#define LT_OBJDIR ".libs/"
#define HAVE_LIBM 1
#define STDC_HEADERS 1
#define HAVE_ARPA_INET_H 1
#define HAVE_STDINT_H 1
#define HAVE_STDLIB_H 1
#define HAVE_STRING_H 1
#define HAVE_STDLIB_H 1
#define HAVE_MALLOC 1
#define HAVE_STDLIB_H 1
#define HAVE_REALLOC 1
#define HAVE_MEMSET 1
#define HAVE_POW 1
#define HAVE_STRDUP 1
#define HAVE_STRERROR 1
#define HAVE_STRTOL 1
#define HAVE_STRCHR 1

configure: exit 0
